<?xml version="1.0" encoding="UTF-8"?>
<!-- Generated by org.testng.reporters.JUnitReportReporter -->
<testsuite skipped="0" hostname="AKLSSINHA" name="com.qa.testcase.HomePageTest" tests="4" failures="0" timestamp="2020-08-18T12:22:02 NZST" time="67.618" errors="0">
  <testcase name="VerifyHomepageTitleTest" time="16.362" classname="com.qa.testcase.HomePageTest"/>
  <system-out/>
  <testcase name="VerifyUsernameLabelTest" time="16.642" classname="com.qa.testcase.HomePageTest"/>
  <system-out/>
  <testcase name="ClickOnDealsPagetest" time="17.712" classname="com.qa.testcase.HomePageTest"/>
  <system-out/>
  <testcase name="ClickonContactsPageTest" time="16.902" classname="com.qa.testcase.HomePageTest"/>
  <system-out/>
</testsuite> <!-- com.qa.testcase.HomePageTest -->
