<?xml version="1.0" encoding="UTF-8"?>
<!-- Generated by org.testng.reporters.JUnitReportReporter -->
<testsuite skipped="0" hostname="AKLSSINHA" name="com.qa.testcase.DealsPageTest" tests="4" failures="0" timestamp="2020-03-31T22:52:55 NZDT" time="75.470" errors="0">
  <testcase name="VerifyDealsLabelTest" time="18.858" classname="com.qa.testcase.DealsPageTest"/>
  <system-out/>
  <testcase name="CreateNewDealsTest" time="19.128" classname="com.qa.testcase.DealsPageTest"/>
  <system-out/>
  <testcase name="CreateNewDealsTest" time="18.555" classname="com.qa.testcase.DealsPageTest"/>
  <system-out/>
  <testcase name="CreateNewDealsTest" time="18.929" classname="com.qa.testcase.DealsPageTest"/>
  <system-out/>
</testsuite> <!-- com.qa.testcase.DealsPageTest -->
