<?xml version="1.0" encoding="UTF-8"?>
<!-- Generated by org.testng.reporters.JUnitReportReporter -->
<testsuite skipped="0" hostname="AKLSSINHA" name="com.qa.testcase.LoginPageTest" tests="3" failures="0" timestamp="2020-08-18T11:32:01 NZST" time="45.177" errors="0">
  <testcase name="LoginPageTitleTest" time="14.138" classname="com.qa.testcase.LoginPageTest"/>
  <system-out/>
  <testcase name="CRMLogoImageTest" time="13.343" classname="com.qa.testcase.LoginPageTest"/>
  <system-out/>
  <testcase name="LoginTest" time="17.696" classname="com.qa.testcase.LoginPageTest"/>
  <system-out/>
</testsuite> <!-- com.qa.testcase.LoginPageTest -->
