<?xml version="1.0" encoding="UTF-8"?>
<!-- Generated by org.testng.reporters.JUnitReportReporter -->
<testsuite skipped="0" hostname="AKLSSINHA" name="com.qa.testcase.ContactsPageTest" tests="4" failures="0" timestamp="2020-03-27T16:49:47 NZDT" time="78.890" errors="0">
  <testcase name="VerifyContactsLabelTest" time="18.805" classname="com.qa.testcase.ContactsPageTest"/>
  <system-out/>
  <testcase name="CreateNewContacttest" time="19.817" classname="com.qa.testcase.ContactsPageTest"/>
  <system-out/>
  <testcase name="CreateNewContacttest" time="20.805" classname="com.qa.testcase.ContactsPageTest"/>
  <system-out/>
  <testcase name="CreateNewContacttest" time="19.463" classname="com.qa.testcase.ContactsPageTest"/>
  <system-out/>
</testsuite> <!-- com.qa.testcase.ContactsPageTest -->
